<?xml version="1.0" encoding="UTF-8"?>
<testng-results ignored="0" total="1" passed="1" failed="0" skipped="0">
  <reporter-output>
  </reporter-output>
  <suite started-at="2022-07-12T18:34:44 IST" name="Default suite" finished-at="2022-07-12T18:35:04 IST" duration-ms="19314">
    <groups>
    </groups>
    <test started-at="2022-07-12T18:34:44 IST" name="Default test" finished-at="2022-07-12T18:35:04 IST" duration-ms="19314">
      <class name="crossBrowsertest.FirefoxTest">
        <test-method signature="myMethod()[pri:0, instance:crossBrowsertest.FirefoxTest@37d4349f]" started-at="2022-07-12T18:34:44 IST" name="myMethod" finished-at="2022-07-12T18:35:04 IST" duration-ms="19272" status="PASS">
          <reporter-output>
          </reporter-output>
        </test-method> <!-- myMethod -->
      </class> <!-- crossBrowsertest.FirefoxTest -->
    </test> <!-- Default test -->
  </suite> <!-- Default suite -->
</testng-results>
